mode: atomic
TDBackend/services/commands.go:10.58,12.2 1 0
TDBackend/services/commands.go:15.55,17.2 1 0
TDBackend/services/commands.go:20.58,22.2 1 0
TDBackend/services/commands.go:25.24,34.2 6 0
TDBackend/services/common.go:14.76,26.16 4 0
TDBackend/services/common.go:32.2,36.20 3 0
TDBackend/services/common.go:43.2,51.133 5 0
TDBackend/services/common.go:26.16,29.3 2 0
TDBackend/services/common.go:36.20,40.3 2 0
TDBackend/TDWorker.go:10.13,16.2 2 0
TDBackend/TDWorker.go:19.26,21.16 2 0
TDBackend/TDWorker.go:25.2,25.12 1 0
TDBackend/TDWorker.go:21.16,24.3 1 0
TDBackend/logger/logger.go:33.46,34.15 1 0
TDBackend/logger/logger.go:35.22,36.27 1 0
TDBackend/logger/logger.go:37.22,38.27 1 0
TDBackend/logger/logger.go:39.24,40.28 1 0
TDBackend/logger/logger.go:41.24,42.28 1 0
TDBackend/logger/logger.go:43.24,44.28 1 0
TDBackend/logger/logger.go:45.24,46.28 1 0
TDBackend/logger/logger.go:47.26,48.29 1 0
TDBackend/logger/logger.go:49.10,50.27 1 0
TDBackend/logger/logger.go:56.72,58.2 1 0
TDBackend/logger/logger.go:63.63,66.21 2 0
TDBackend/logger/logger.go:115.2,115.12 1 0
TDBackend/logger/logger.go:66.21,79.69 3 0
TDBackend/logger/logger.go:82.3,82.68 1 0
TDBackend/logger/logger.go:85.3,91.26 5 0
TDBackend/logger/logger.go:96.3,110.27 5 0
TDBackend/logger/logger.go:79.69,81.4 1 0
TDBackend/logger/logger.go:82.68,84.4 1 0
TDBackend/logger/logger.go:91.26,95.4 3 0
TDBackend/logger/logger.go:110.27,112.4 1 0
TDBackend/logger/logger.go:119.79,123.21 3 0
TDBackend/logger/logger.go:127.2,127.23 1 0
TDBackend/logger/logger.go:137.2,137.15 1 0
TDBackend/logger/logger.go:123.21,125.3 1 0
TDBackend/logger/logger.go:127.23,128.38 1 0
TDBackend/logger/logger.go:128.38,132.4 3 0
TDBackend/logger/logger.go:132.9,134.4 1 0
TDBackend/logger/logger.go:138.14,139.35 1 0
TDBackend/logger/logger.go:140.15,141.36 1 0
TDBackend/logger/logger.go:142.15,143.36 1 0
TDBackend/logger/logger.go:144.15,145.36 1 0
TDBackend/logger/logger.go:146.14,147.35 1 0
TDBackend/config/config.go:32.13,40.104 3 0
TDBackend/config/config.go:44.2,44.85 1 0
TDBackend/config/config.go:40.104,42.3 1 0
TDBackend/config/config.go:48.45,50.16 2 0
TDBackend/config/config.go:53.2,57.16 4 0
TDBackend/config/config.go:50.16,51.13 1 0
TDBackend/config/config.go:57.16,58.13 1 0
TDBackend/config/config.go:63.31,65.16 2 0
TDBackend/config/config.go:65.16,66.13 1 0
TDBackend/logger/logger.go:33.46,34.15 1 1
TDBackend/logger/logger.go:35.22,36.27 1 0
TDBackend/logger/logger.go:37.22,38.27 1 0
TDBackend/logger/logger.go:39.24,40.28 1 1
TDBackend/logger/logger.go:41.24,42.28 1 0
TDBackend/logger/logger.go:43.24,44.28 1 0
TDBackend/logger/logger.go:45.24,46.28 1 0
TDBackend/logger/logger.go:47.26,48.29 1 0
TDBackend/logger/logger.go:49.10,50.27 1 0
TDBackend/logger/logger.go:56.72,58.2 1 1
TDBackend/logger/logger.go:63.63,66.21 2 1
TDBackend/logger/logger.go:115.2,115.12 1 1
TDBackend/logger/logger.go:66.21,79.69 3 1
TDBackend/logger/logger.go:82.3,82.68 1 1
TDBackend/logger/logger.go:85.3,91.26 5 1
TDBackend/logger/logger.go:96.3,110.27 5 1
TDBackend/logger/logger.go:79.69,81.4 1 2
TDBackend/logger/logger.go:82.68,84.4 1 2
TDBackend/logger/logger.go:91.26,95.4 3 1
TDBackend/logger/logger.go:110.27,112.4 1 0
TDBackend/logger/logger.go:119.79,123.21 3 0
TDBackend/logger/logger.go:127.2,127.23 1 0
TDBackend/logger/logger.go:137.2,137.15 1 0
TDBackend/logger/logger.go:123.21,125.3 1 0
TDBackend/logger/logger.go:127.23,128.38 1 0
TDBackend/logger/logger.go:128.38,132.4 3 0
TDBackend/logger/logger.go:132.9,134.4 1 0
TDBackend/logger/logger.go:138.14,139.35 1 0
TDBackend/logger/logger.go:140.15,141.36 1 0
TDBackend/logger/logger.go:142.15,143.36 1 0
TDBackend/logger/logger.go:144.15,145.36 1 0
TDBackend/logger/logger.go:146.14,147.35 1 0
TDBackend/config/config.go:32.13,40.104 3 1
TDBackend/config/config.go:44.2,44.85 1 1
TDBackend/config/config.go:40.104,42.3 1 0
TDBackend/config/config.go:48.45,50.16 2 3
TDBackend/config/config.go:53.2,57.16 4 1
TDBackend/config/config.go:50.16,51.13 1 2
TDBackend/config/config.go:57.16,58.13 1 0
TDBackend/config/config.go:63.31,65.16 2 2
TDBackend/config/config.go:65.16,66.13 1 1
TDBackend/logger/logger.go:33.46,34.15 1 9
TDBackend/logger/logger.go:35.22,36.27 1 1
TDBackend/logger/logger.go:37.22,38.27 1 1
TDBackend/logger/logger.go:39.24,40.28 1 2
TDBackend/logger/logger.go:41.24,42.28 1 1
TDBackend/logger/logger.go:43.24,44.28 1 1
TDBackend/logger/logger.go:45.24,46.28 1 1
TDBackend/logger/logger.go:47.26,48.29 1 1
TDBackend/logger/logger.go:49.10,50.27 1 1
TDBackend/logger/logger.go:56.72,58.2 1 3
TDBackend/logger/logger.go:63.63,66.21 2 3
TDBackend/logger/logger.go:115.2,115.12 1 3
TDBackend/logger/logger.go:66.21,79.69 3 1
TDBackend/logger/logger.go:82.3,82.68 1 1
TDBackend/logger/logger.go:85.3,91.26 5 1
TDBackend/logger/logger.go:96.3,110.27 5 1
TDBackend/logger/logger.go:79.69,81.4 1 6
TDBackend/logger/logger.go:82.68,84.4 1 5
TDBackend/logger/logger.go:91.26,95.4 3 1
TDBackend/logger/logger.go:110.27,112.4 1 0
TDBackend/logger/logger.go:119.79,123.21 3 3
TDBackend/logger/logger.go:127.2,127.23 1 3
TDBackend/logger/logger.go:137.2,137.15 1 3
TDBackend/logger/logger.go:123.21,125.3 1 2
TDBackend/logger/logger.go:127.23,128.38 1 3
TDBackend/logger/logger.go:128.38,132.4 3 3
TDBackend/logger/logger.go:132.9,134.4 1 0
TDBackend/logger/logger.go:138.14,139.35 1 1
TDBackend/logger/logger.go:140.15,141.36 1 1
TDBackend/logger/logger.go:142.15,143.36 1 1
TDBackend/logger/logger.go:144.15,145.36 1 0
TDBackend/logger/logger.go:146.14,147.35 1 0
TDBackend/middleware/request.go:29.13,31.34 2 1
TDBackend/middleware/request.go:34.2,36.20 3 1
TDBackend/middleware/request.go:42.2,42.52 1 1
TDBackend/middleware/request.go:31.34,33.3 1 0
TDBackend/middleware/request.go:36.20,40.3 3 1
TDBackend/middleware/request.go:50.48,51.71 1 1
TDBackend/middleware/request.go:51.71,56.3 4 1
TDBackend/middleware/request.go:61.43,62.16 1 6
TDBackend/middleware/request.go:65.2,65.55 1 5
TDBackend/middleware/request.go:68.2,68.11 1 3
TDBackend/middleware/request.go:62.16,64.3 1 1
TDBackend/middleware/request.go:65.55,67.3 1 2
TDBackend/logger/logger.go:33.46,34.15 1 1
TDBackend/logger/logger.go:35.22,36.27 1 1
TDBackend/logger/logger.go:37.22,38.27 1 0
TDBackend/logger/logger.go:39.24,40.28 1 0
TDBackend/logger/logger.go:41.24,42.28 1 0
TDBackend/logger/logger.go:43.24,44.28 1 0
TDBackend/logger/logger.go:45.24,46.28 1 0
TDBackend/logger/logger.go:47.26,48.29 1 0
TDBackend/logger/logger.go:49.10,50.27 1 0
TDBackend/logger/logger.go:56.72,58.2 1 0
TDBackend/logger/logger.go:63.63,66.21 2 1
TDBackend/logger/logger.go:115.2,115.12 1 1
TDBackend/logger/logger.go:66.21,79.69 3 1
TDBackend/logger/logger.go:82.3,82.68 1 1
TDBackend/logger/logger.go:85.3,91.26 5 1
TDBackend/logger/logger.go:96.3,110.27 5 1
TDBackend/logger/logger.go:79.69,81.4 1 4
TDBackend/logger/logger.go:82.68,84.4 1 4
TDBackend/logger/logger.go:91.26,95.4 3 1
TDBackend/logger/logger.go:110.27,112.4 1 0
TDBackend/logger/logger.go:119.79,123.21 3 0
TDBackend/logger/logger.go:127.2,127.23 1 0
TDBackend/logger/logger.go:137.2,137.15 1 0
TDBackend/logger/logger.go:123.21,125.3 1 0
TDBackend/logger/logger.go:127.23,128.38 1 0
TDBackend/logger/logger.go:128.38,132.4 3 0
TDBackend/logger/logger.go:132.9,134.4 1 0
TDBackend/logger/logger.go:138.14,139.35 1 0
TDBackend/logger/logger.go:140.15,141.36 1 0
TDBackend/logger/logger.go:142.15,143.36 1 0
TDBackend/logger/logger.go:144.15,145.36 1 0
TDBackend/logger/logger.go:146.14,147.35 1 0
TDBackend/middleware/logger.go:18.65,19.71 1 3
TDBackend/middleware/logger.go:19.71,25.52 2 3
TDBackend/middleware/logger.go:30.3,34.19 3 2
TDBackend/middleware/logger.go:39.3,70.4 9 2
TDBackend/middleware/logger.go:25.52,28.4 2 1
TDBackend/middleware/logger.go:34.19,36.4 1 1
TDBackend/middleware/logger.go:36.9,38.4 1 1
TDBackend/logger/logger.go:33.46,34.15 1 1
TDBackend/logger/logger.go:35.22,36.27 1 1
TDBackend/logger/logger.go:37.22,38.27 1 0
TDBackend/logger/logger.go:39.24,40.28 1 0
TDBackend/logger/logger.go:41.24,42.28 1 0
TDBackend/logger/logger.go:43.24,44.28 1 0
TDBackend/logger/logger.go:45.24,46.28 1 0
TDBackend/logger/logger.go:47.26,48.29 1 0
TDBackend/logger/logger.go:49.10,50.27 1 0
TDBackend/logger/logger.go:56.72,58.2 1 6
TDBackend/logger/logger.go:63.63,66.21 2 1
TDBackend/logger/logger.go:115.2,115.12 1 1
TDBackend/logger/logger.go:66.21,79.69 3 1
TDBackend/logger/logger.go:82.3,82.68 1 1
TDBackend/logger/logger.go:85.3,91.26 5 1
TDBackend/logger/logger.go:96.3,110.27 5 1
TDBackend/logger/logger.go:79.69,81.4 1 15
TDBackend/logger/logger.go:82.68,84.4 1 9
TDBackend/logger/logger.go:91.26,95.4 3 1
TDBackend/logger/logger.go:110.27,112.4 1 0
TDBackend/logger/logger.go:119.79,123.21 3 9
TDBackend/logger/logger.go:127.2,127.23 1 9
TDBackend/logger/logger.go:137.2,137.15 1 9
TDBackend/logger/logger.go:123.21,125.3 1 9
TDBackend/logger/logger.go:127.23,128.38 1 9
TDBackend/logger/logger.go:128.38,132.4 3 9
TDBackend/logger/logger.go:132.9,134.4 1 0
TDBackend/logger/logger.go:138.14,139.35 1 0
TDBackend/logger/logger.go:140.15,141.36 1 3
TDBackend/logger/logger.go:142.15,143.36 1 6
TDBackend/logger/logger.go:144.15,145.36 1 0
TDBackend/logger/logger.go:146.14,147.35 1 0
TDBackend/services/commands.go:10.58,12.2 1 0
TDBackend/services/commands.go:15.55,17.2 1 0
TDBackend/services/commands.go:20.58,22.2 1 0
TDBackend/services/commands.go:25.24,34.2 6 0
TDBackend/services/common.go:14.76,26.16 4 3
TDBackend/services/common.go:32.2,36.20 3 3
TDBackend/services/common.go:43.2,51.133 5 3
TDBackend/services/common.go:26.16,29.3 2 3
TDBackend/services/common.go:36.20,40.3 2 3
